<?xml version="1.0" encoding="UTF-8"?>
<testng-results skipped="0" failed="0" ignored="0" total="1" passed="1">
  <reporter-output>
  </reporter-output>
  <suite name="Default suite" duration-ms="13518" started-at="2021-11-15T22:32:58Z" finished-at="2021-11-15T22:33:11Z">
    <groups>
    </groups>
    <test name="Default test" duration-ms="13518" started-at="2021-11-15T22:32:58Z" finished-at="2021-11-15T22:33:11Z">
      <class name="com.nik.test.AutomateWebPage">
        <test-method status="PASS" signature="setUp()[pri:0, instance:com.nik.test.AutomateWebPage@60285225]" name="setUp" is-config="true" duration-ms="5172" started-at="2021-11-15T22:32:58Z" finished-at="2021-11-15T22:33:03Z">
          <reporter-output>
          </reporter-output>
        </test-method> <!-- setUp -->
        <test-method status="PASS" signature="login()[pri:0, instance:com.nik.test.AutomateWebPage@60285225]" name="login" duration-ms="6492" started-at="2021-11-15T22:33:03Z" finished-at="2021-11-15T22:33:10Z">
          <reporter-output>
          </reporter-output>
        </test-method> <!-- login -->
        <test-method status="PASS" signature="tearDown()[pri:0, instance:com.nik.test.AutomateWebPage@60285225]" name="tearDown" is-config="true" duration-ms="1765" started-at="2021-11-15T22:33:10Z" finished-at="2021-11-15T22:33:11Z">
          <reporter-output>
          </reporter-output>
        </test-method> <!-- tearDown -->
      </class> <!-- com.nik.test.AutomateWebPage -->
    </test> <!-- Default test -->
  </suite> <!-- Default suite -->
</testng-results>
